{"C:\\Users\\phamt\\OneDrive\\Desktop\\Week1\\app.js": {"path":"C:\\Users\\phamt\\OneDrive\\Desktop\\Week1\\app.js","statementMap":{"0":{"start":{"line":6,"column":18},"end":{"line":6,"column":57}},"1":{"start":{"line":7,"column":12},"end":{"line":7,"column":21}},"2":{"start":{"line":9,"column":0},"end":{"line":9,"column":23}},"3":{"start":{"line":11,"column":0},"end":{"line":13,"column":3}},"4":{"start":{"line":14,"column":0},"end":{"line":14,"column":24}},"5":{"start":{"line":16,"column":0},"end":{"line":16,"column":39}},"6":{"start":{"line":17,"column":13},"end":{"line":17,"column":17}},"7":{"start":{"line":18,"column":0},"end":{"line":20,"column":3}},"8":{"start":{"line":19,"column":2},"end":{"line":19,"column":59}}},"fnMap":{"0":{"name":"(anonymous_0)","decl":{"start":{"line":18,"column":17},"end":{"line":18,"column":18}},"loc":{"start":{"line":18,"column":29},"end":{"line":20,"column":1}},"line":18}},"branchMap":{},"s":{"0":1,"1":1,"2":1,"3":1,"4":1,"5":1,"6":1,"7":1,"8":1},"f":{"0":1},"b":{},"_coverageSchema":"1a1c01bbd47fc00a2c39e90264f33305004495a9","hash":"33eadbc133aea62ee0c275261fae73d2b94cf0e5"}
,"C:\\Users\\phamt\\OneDrive\\Desktop\\Week1\\models\\products.model.js": {"path":"C:\\Users\\phamt\\OneDrive\\Desktop\\Week1\\models\\products.model.js","statementMap":{"0":{"start":{"line":6,"column":24},"end":{"line":6,"column":62}},"1":{"start":{"line":7,"column":8},"end":{"line":7,"column":25}},"2":{"start":{"line":10,"column":8},"end":{"line":12,"column":9}},"3":{"start":{"line":11,"column":12},"end":{"line":11,"column":81}},"4":{"start":{"line":14,"column":8},"end":{"line":14,"column":78}},"5":{"start":{"line":18,"column":8},"end":{"line":18,"column":45}},"6":{"start":{"line":21,"column":8},"end":{"line":21,"column":64}},"7":{"start":{"line":24,"column":8},"end":{"line":24,"column":54}}},"fnMap":{"0":{"name":"(anonymous_0)","decl":{"start":{"line":5,"column":5},"end":{"line":5,"column":6}},"loc":{"start":{"line":5,"column":25},"end":{"line":8,"column":5}},"line":5},"1":{"name":"(anonymous_1)","decl":{"start":{"line":9,"column":4},"end":{"line":9,"column":5}},"loc":{"start":{"line":9,"column":34},"end":{"line":16,"column":5}},"line":9},"2":{"name":"(anonymous_2)","decl":{"start":{"line":17,"column":4},"end":{"line":17,"column":5}},"loc":{"start":{"line":17,"column":23},"end":{"line":19,"column":5}},"line":17},"3":{"name":"(anonymous_3)","decl":{"start":{"line":20,"column":4},"end":{"line":20,"column":5}},"loc":{"start":{"line":20,"column":31},"end":{"line":22,"column":5}},"line":20},"4":{"name":"(anonymous_4)","decl":{"start":{"line":23,"column":4},"end":{"line":23,"column":5}},"loc":{"start":{"line":23,"column":23},"end":{"line":25,"column":5}},"line":23}},"branchMap":{"0":{"loc":{"start":{"line":10,"column":8},"end":{"line":12,"column":9}},"type":"if","locations":[{"start":{"line":10,"column":8},"end":{"line":12,"column":9}},{"start":{},"end":{}}],"line":10}},"s":{"0":0,"1":0,"2":2,"3":2,"4":0,"5":0,"6":0,"7":0},"f":{"0":0,"1":2,"2":0,"3":0,"4":0},"b":{"0":[2,0]},"_coverageSchema":"1a1c01bbd47fc00a2c39e90264f33305004495a9","hash":"25c55f1c8a5bd999a558d9da02aa51a672dbf231"}
,"C:\\Users\\phamt\\OneDrive\\Desktop\\Week1\\routes\\products.route.js": {"path":"C:\\Users\\phamt\\OneDrive\\Desktop\\Week1\\routes\\products.route.js","statementMap":{"0":{"start":{"line":5,"column":15},"end":{"line":5,"column":31}},"1":{"start":{"line":7,"column":0},"end":{"line":16,"column":2}},"2":{"start":{"line":8,"column":18},"end":{"line":8,"column":33}},"3":{"start":{"line":10,"column":20},"end":{"line":10,"column":54}},"4":{"start":{"line":11,"column":4},"end":{"line":13,"column":5}},"5":{"start":{"line":12,"column":8},"end":{"line":12,"column":66}},"6":{"start":{"line":15,"column":4},"end":{"line":15,"column":29}},"7":{"start":{"line":18,"column":0},"end":{"line":33,"column":2}},"8":{"start":{"line":19,"column":17},"end":{"line":19,"column":34}},"9":{"start":{"line":20,"column":17},"end":{"line":20,"column":34}},"10":{"start":{"line":21,"column":16},"end":{"line":21,"column":36}},"11":{"start":{"line":22,"column":17},"end":{"line":22,"column":39}},"12":{"start":{"line":24,"column":19},"end":{"line":24,"column":32}},"13":{"start":{"line":25,"column":17},"end":{"line":25,"column":67}},"14":{"start":{"line":26,"column":4},"end":{"line":32,"column":23}},"15":{"start":{"line":27,"column":8},"end":{"line":29,"column":10}},"16":{"start":{"line":32,"column":8},"end":{"line":32,"column":23}},"17":{"start":{"line":34,"column":0},"end":{"line":41,"column":2}},"18":{"start":{"line":35,"column":20},"end":{"line":35,"column":60}},"19":{"start":{"line":37,"column":4},"end":{"line":40,"column":54}},"20":{"start":{"line":38,"column":8},"end":{"line":38,"column":49}},"21":{"start":{"line":40,"column":9},"end":{"line":40,"column":54}},"22":{"start":{"line":43,"column":0},"end":{"line":58,"column":2}},"23":{"start":{"line":45,"column":17},"end":{"line":45,"column":32}},"24":{"start":{"line":46,"column":25},"end":{"line":46,"column":59}},"25":{"start":{"line":47,"column":4},"end":{"line":56,"column":5}},"26":{"start":{"line":48,"column":8},"end":{"line":48,"column":67}},"27":{"start":{"line":52,"column":29},"end":{"line":52,"column":77}},"28":{"start":{"line":53,"column":8},"end":{"line":55,"column":9}},"29":{"start":{"line":54,"column":12},"end":{"line":54,"column":53}},"30":{"start":{"line":57,"column":4},"end":{"line":57,"column":33}},"31":{"start":{"line":59,"column":0},"end":{"line":73,"column":2}},"32":{"start":{"line":60,"column":17},"end":{"line":60,"column":32}},"33":{"start":{"line":61,"column":25},"end":{"line":61,"column":59}},"34":{"start":{"line":62,"column":4},"end":{"line":71,"column":5}},"35":{"start":{"line":63,"column":8},"end":{"line":63,"column":67}},"36":{"start":{"line":67,"column":30},"end":{"line":67,"column":69}},"37":{"start":{"line":68,"column":8},"end":{"line":70,"column":9}},"38":{"start":{"line":69,"column":12},"end":{"line":69,"column":53}},"39":{"start":{"line":72,"column":4},"end":{"line":72,"column":33}}},"fnMap":{"0":{"name":"(anonymous_0)","decl":{"start":{"line":7,"column":20},"end":{"line":7,"column":21}},"loc":{"start":{"line":7,"column":37},"end":{"line":16,"column":1}},"line":7},"1":{"name":"(anonymous_1)","decl":{"start":{"line":18,"column":15},"end":{"line":18,"column":16}},"loc":{"start":{"line":18,"column":32},"end":{"line":33,"column":1}},"line":18},"2":{"name":"(anonymous_2)","decl":{"start":{"line":34,"column":16},"end":{"line":34,"column":17}},"loc":{"start":{"line":34,"column":32},"end":{"line":41,"column":1}},"line":34},"3":{"name":"(anonymous_3)","decl":{"start":{"line":43,"column":20},"end":{"line":43,"column":21}},"loc":{"start":{"line":43,"column":36},"end":{"line":58,"column":1}},"line":43},"4":{"name":"(anonymous_4)","decl":{"start":{"line":59,"column":23},"end":{"line":59,"column":24}},"loc":{"start":{"line":59,"column":39},"end":{"line":73,"column":1}},"line":59}},"branchMap":{"0":{"loc":{"start":{"line":11,"column":4},"end":{"line":13,"column":5}},"type":"if","locations":[{"start":{"line":11,"column":4},"end":{"line":13,"column":5}},{"start":{},"end":{}}],"line":11},"1":{"loc":{"start":{"line":19,"column":17},"end":{"line":19,"column":34}},"type":"binary-expr","locations":[{"start":{"line":19,"column":17},"end":{"line":19,"column":31}},{"start":{"line":19,"column":33},"end":{"line":19,"column":34}}],"line":19},"2":{"loc":{"start":{"line":20,"column":17},"end":{"line":20,"column":34}},"type":"binary-expr","locations":[{"start":{"line":20,"column":17},"end":{"line":20,"column":31}},{"start":{"line":20,"column":33},"end":{"line":20,"column":34}}],"line":20},"3":{"loc":{"start":{"line":21,"column":16},"end":{"line":21,"column":36}},"type":"binary-expr","locations":[{"start":{"line":21,"column":16},"end":{"line":21,"column":29}},{"start":{"line":21,"column":31},"end":{"line":21,"column":36}}],"line":21},"4":{"loc":{"start":{"line":22,"column":17},"end":{"line":22,"column":39}},"type":"binary-expr","locations":[{"start":{"line":22,"column":17},"end":{"line":22,"column":31}},{"start":{"line":22,"column":35},"end":{"line":22,"column":39}}],"line":22},"5":{"loc":{"start":{"line":26,"column":4},"end":{"line":32,"column":23}},"type":"if","locations":[{"start":{"line":26,"column":4},"end":{"line":32,"column":23}},{"start":{"line":32,"column":8},"end":{"line":32,"column":23}}],"line":26},"6":{"loc":{"start":{"line":37,"column":4},"end":{"line":40,"column":54}},"type":"if","locations":[{"start":{"line":37,"column":4},"end":{"line":40,"column":54}},{"start":{"line":40,"column":9},"end":{"line":40,"column":54}}],"line":37},"7":{"loc":{"start":{"line":47,"column":4},"end":{"line":56,"column":5}},"type":"if","locations":[{"start":{"line":47,"column":4},"end":{"line":56,"column":5}},{"start":{"line":51,"column":9},"end":{"line":56,"column":5}}],"line":47},"8":{"loc":{"start":{"line":53,"column":8},"end":{"line":55,"column":9}},"type":"if","locations":[{"start":{"line":53,"column":8},"end":{"line":55,"column":9}},{"start":{},"end":{}}],"line":53},"9":{"loc":{"start":{"line":62,"column":4},"end":{"line":71,"column":5}},"type":"if","locations":[{"start":{"line":62,"column":4},"end":{"line":71,"column":5}},{"start":{"line":66,"column":8},"end":{"line":71,"column":5}}],"line":62},"10":{"loc":{"start":{"line":68,"column":8},"end":{"line":70,"column":9}},"type":"if","locations":[{"start":{"line":68,"column":8},"end":{"line":70,"column":9}},{"start":{},"end":{}}],"line":68}},"s":{"0":1,"1":1,"2":0,"3":0,"4":0,"5":0,"6":0,"7":1,"8":2,"9":2,"10":2,"11":2,"12":2,"13":2,"14":2,"15":2,"16":0,"17":1,"18":0,"19":0,"20":0,"21":0,"22":1,"23":0,"24":0,"25":0,"26":0,"27":0,"28":0,"29":0,"30":0,"31":1,"32":0,"33":0,"34":0,"35":0,"36":0,"37":0,"38":0,"39":0},"f":{"0":0,"1":2,"2":0,"3":0,"4":0},"b":{"0":[0,0],"1":[2,0],"2":[2,1],"3":[2,2],"4":[2,2],"5":[2,0],"6":[0,0],"7":[0,0],"8":[0,0],"9":[0,0],"10":[0,0]},"_coverageSchema":"1a1c01bbd47fc00a2c39e90264f33305004495a9","hash":"ab5368c7483da4868e1bad2808078bd44ba09ef6"}
,"C:\\Users\\phamt\\OneDrive\\Desktop\\Week1\\utils\\db.js": {"path":"C:\\Users\\phamt\\OneDrive\\Desktop\\Week1\\utils\\db.js","statementMap":{"0":{"start":{"line":3,"column":30},"end":{"line":9,"column":1}},"1":{"start":{"line":11,"column":13},"end":{"line":15,"column":2}}},"fnMap":{},"branchMap":{},"s":{"0":1,"1":1},"f":{},"b":{},"_coverageSchema":"1a1c01bbd47fc00a2c39e90264f33305004495a9","hash":"8e73bf2762e91986359545fc5d5906d9b8b16dbd"}
}
