TN:
SF:app.js
FN:18,(anonymous_0)
FNF:1
FNH:1
FNDA:1,(anonymous_0)
DA:6,1
DA:7,1
DA:9,1
DA:11,1
DA:14,1
DA:16,1
DA:17,1
DA:18,1
DA:19,1
LF:9
LH:9
BRF:0
BRH:0
end_of_record
TN:
SF:models\products.model.js
FN:5,(anonymous_0)
FN:9,(anonymous_1)
FN:17,(anonymous_2)
FN:20,(anonymous_3)
FN:23,(anonymous_4)
FNF:5
FNH:1
FNDA:0,(anonymous_0)
FNDA:2,(anonymous_1)
FNDA:0,(anonymous_2)
FNDA:0,(anonymous_3)
FNDA:0,(anonymous_4)
DA:6,0
DA:7,0
DA:10,2
DA:11,2
DA:14,0
DA:18,0
DA:21,0
DA:24,0
LF:8
LH:2
BRDA:10,0,0,2
BRDA:10,0,1,0
BRF:2
BRH:1
end_of_record
TN:
SF:routes\products.route.js
FN:7,(anonymous_0)
FN:18,(anonymous_1)
FN:34,(anonymous_2)
FN:43,(anonymous_3)
FN:59,(anonymous_4)
FNF:5
FNH:1
FNDA:0,(anonymous_0)
FNDA:2,(anonymous_1)
FNDA:0,(anonymous_2)
FNDA:0,(anonymous_3)
FNDA:0,(anonymous_4)
DA:5,1
DA:7,1
DA:8,0
DA:10,0
DA:11,0
DA:12,0
DA:15,0
DA:18,1
DA:19,2
DA:20,2
DA:21,2
DA:22,2
DA:24,2
DA:25,2
DA:26,2
DA:27,2
DA:32,0
DA:34,1
DA:35,0
DA:37,0
DA:38,0
DA:40,0
DA:43,1
DA:45,0
DA:46,0
DA:47,0
DA:48,0
DA:52,0
DA:53,0
DA:54,0
DA:57,0
DA:59,1
DA:60,0
DA:61,0
DA:62,0
DA:63,0
DA:67,0
DA:68,0
DA:69,0
DA:72,0
LF:40
LH:14
BRDA:11,0,0,0
BRDA:11,0,1,0
BRDA:19,1,0,2
BRDA:19,1,1,0
BRDA:20,2,0,2
BRDA:20,2,1,1
BRDA:21,3,0,2
BRDA:21,3,1,2
BRDA:22,4,0,2
BRDA:22,4,1,2
BRDA:26,5,0,2
BRDA:26,5,1,0
BRDA:37,6,0,0
BRDA:37,6,1,0
BRDA:47,7,0,0
BRDA:47,7,1,0
BRDA:53,8,0,0
BRDA:53,8,1,0
BRDA:62,9,0,0
BRDA:62,9,1,0
BRDA:68,10,0,0
BRDA:68,10,1,0
BRF:22
BRH:8
end_of_record
TN:
SF:utils\db.js
FNF:0
FNH:0
DA:3,1
DA:11,1
LF:2
LH:2
BRF:0
BRH:0
end_of_record
